d:\opengl\repo\opengl_glfw_training\opengl_glfw\debug\vc142.pdb
d:\opengl\repo\opengl_glfw_training\opengl_glfw\debug\vc142.idb
d:\opengl\repo\opengl_glfw_training\opengl_glfw\debug\glad.obj
d:\opengl\repo\opengl_glfw_training\opengl_glfw\debug\main.obj
d:\opengl\repo\opengl_glfw_training\debug\opengl_glfw.exe
d:\opengl\repo\opengl_glfw_training\debug\opengl_glfw.ilk
d:\opengl\repo\opengl_glfw_training\debug\opengl_glfw.pdb
d:\vsprojects\opengl_glfw\opengl_glfw_training\opengl_glfw\debug\glad.obj
d:\vsprojects\opengl_glfw\opengl_glfw_training\opengl_glfw\debug\main.obj
d:\vsprojects\opengl_glfw\opengl_glfw_training\opengl_glfw\debug\vc142.idb
d:\vsprojects\opengl_glfw\opengl_glfw_training\opengl_glfw\debug\vc142.pdb
d:\vsprojects\opengl_glfw\opengl_glfw_training\debug\opengl_glfw.pdb
d:\vsprojects\opengl_glfw\opengl_glfw_training\debug\opengl_glfw.exe
d:\vsprojects\opengl_glfw\opengl_glfw_training\debug\opengl_glfw.ilk
d:\vsprojects\opengl_glfw\opengl_glfw_training\opengl_glfw\debug\opengl_glfw.tlog\cl.command.1.tlog
d:\vsprojects\opengl_glfw\opengl_glfw_training\opengl_glfw\debug\opengl_glfw.tlog\cl.read.1.tlog
d:\vsprojects\opengl_glfw\opengl_glfw_training\opengl_glfw\debug\opengl_glfw.tlog\cl.write.1.tlog
d:\vsprojects\opengl_glfw\opengl_glfw_training\opengl_glfw\debug\opengl_glfw.tlog\link.command.1.tlog
d:\vsprojects\opengl_glfw\opengl_glfw_training\opengl_glfw\debug\opengl_glfw.tlog\link.read.1.tlog
d:\vsprojects\opengl_glfw\opengl_glfw_training\opengl_glfw\debug\opengl_glfw.tlog\link.write.1.tlog
